<?xml version="1.0" encoding="UTF-8"?>
<testng-results ignored="0" total="1" passed="1" failed="0" skipped="0">
  <reporter-output>
  </reporter-output>
  <suite started-at="2024-10-07T12:50:20 IDT" name="Main Test Suite" finished-at="2024-10-07T12:50:23 IDT" duration-ms="3061">
    <groups>
    </groups>
    <test started-at="2024-10-07T12:50:20 IDT" name="Extent Report Test" finished-at="2024-10-07T12:50:23 IDT" duration-ms="3061">
      <class name="ProgramFiles.GloballyUsedClasses.ExtentRepTestReports">
        <test-method is-config="true" signature="StartTesting()[pri:0, instance:[ExtentRepTestReports passed=0 failed=0 skipped=0]]" started-at="2024-10-07T12:50:20 IDT" name="StartTesting" finished-at="2024-10-07T12:50:20 IDT" duration-ms="0" status="PASS">
          <reporter-output>
          </reporter-output>
        </test-method> <!-- StartTesting -->
        <test-method signature="PassedOrFailedForExtentReport()[pri:0, instance:[ExtentRepTestReports passed=0 failed=0 skipped=0]]" started-at="2024-10-07T12:50:20 IDT" name="PassedOrFailedForExtentReport" finished-at="2024-10-07T12:50:23 IDT" duration-ms="3013" status="PASS">
          <reporter-output>
          </reporter-output>
        </test-method> <!-- PassedOrFailedForExtentReport -->
        <test-method is-config="true" signature="representationSettings(org.testng.ITestResult)[pri:0, instance:[ExtentRepTestReports passed=0 failed=0 skipped=0]]" started-at="2024-10-07T12:50:23 IDT" name="representationSettings" finished-at="2024-10-07T12:50:23 IDT" duration-ms="1" status="PASS">
          <params>
            <param index="0">
              <value>
                <![CDATA[[TestResult name=PassedOrFailedForExtentReport on [ExtentRepTestReports passed=0 failed=0 skipped=0] status=SUCCESS method=ExtentRepTestReports.PassedOrFailedForExtentReport()[pri:0, instance:[ExtentRepTestReports passed=0 failed=0 skipped=0]] output={null}]]]>
              </value>
            </param>
          </params>
          <reporter-output>
          </reporter-output>
        </test-method> <!-- representationSettings -->
        <test-method is-config="true" signature="tearDown()[pri:0, instance:[ExtentRepTestReports passed=0 failed=0 skipped=0]]" started-at="2024-10-07T12:50:23 IDT" name="tearDown" finished-at="2024-10-07T12:50:23 IDT" duration-ms="46" status="PASS">
          <reporter-output>
          </reporter-output>
        </test-method> <!-- tearDown -->
      </class> <!-- ProgramFiles.GloballyUsedClasses.ExtentRepTestReports -->
    </test> <!-- Extent Report Test -->
  </suite> <!-- Main Test Suite -->
</testng-results>
